2026-04-09 23:27:39 | INFO     | main:22 - KENPIN backend starting up
2026-04-09 23:33:47 | INFO     | main:24 - KENPIN backend shutting down
2026-04-09 23:33:52 | INFO     | main:22 - KENPIN backend starting up
2026-04-09 23:34:03 | INFO     | main:24 - KENPIN backend shutting down
2026-04-09 23:34:08 | INFO     | main:22 - KENPIN backend starting up
2026-04-09 23:34:22 | INFO     | main:24 - KENPIN backend shutting down
2026-04-09 23:34:27 | INFO     | main:22 - KENPIN backend starting up
2026-04-09 23:34:29 | INFO     | main:24 - KENPIN backend shutting down
2026-04-09 23:34:34 | INFO     | main:22 - KENPIN backend starting up
2026-04-09 23:41:52 | INFO     | main:22 - KENPIN backend starting up
2026-04-09 23:43:10 | INFO     | routers.train:100 - Training job 13127bf7-71fc-4913-b5fb-25aa728c5303 queued | model=yolo.pt epochs=100
2026-04-09 23:43:10 | INFO     | services.yolo_service:31 - CUDA not available — using CPU
2026-04-09 23:43:10 | INFO     | services.yolo_service:61 - Training started | model=yolo.pt epochs=100 imgsz=640 batch=16 device=cpu
2026-04-09 23:43:12 | ERROR    | routers.train:69 - Job 13127bf7-71fc-4913-b5fb-25aa728c5303 failed: [Errno 2] No such file or directory: 'yolo.pt'
Traceback (most recent call last):
  File "C:\Users\localadmin\Desktop\KENPIN_NEXT\backend\routers\train.py", line 52, in _run_training_task
    result = run_training(
        job_id=job_id,
    ...<10 lines>...
        name=req.name,
    )
  File "C:\Users\localadmin\Desktop\KENPIN_NEXT\backend\services\yolo_service.py", line 70, in run_training
    model = YOLO(model_name)
  File "C:\Users\localadmin\Desktop\KENPIN_NEXT\backend\.venv\Lib\site-packages\ultralytics\models\yolo\model.py", line 76, in __init__
    super().__init__(model=model, task=task, verbose=verbose)
    ~~~~~~~~~~~~~~~~^^^^^^^^^^^^^^^^^^^^^^^^^^^^^^^^^^^^^^^^^
  File "C:\Users\localadmin\Desktop\KENPIN_NEXT\backend\.venv\Lib\site-packages\ultralytics\engine\model.py", line 144, in __init__
    self._load(model, task=task)
    ~~~~~~~~~~^^^^^^^^^^^^^^^^^^
  File "C:\Users\localadmin\Desktop\KENPIN_NEXT\backend\.venv\Lib\site-packages\ultralytics\engine\model.py", line 283, in _load
    self.model, self.ckpt = load_checkpoint(weights)
                            ~~~~~~~~~~~~~~~^^^^^^^^^
  File "C:\Users\localadmin\Desktop\KENPIN_NEXT\backend\.venv\Lib\site-packages\ultralytics\nn\tasks.py", line 1515, in load_checkpoint
    ckpt, weight = torch_safe_load(weight)  # load ckpt
                   ~~~~~~~~~~~~~~~^^^^^^^^
  File "C:\Users\localadmin\Desktop\KENPIN_NEXT\backend\.venv\Lib\site-packages\ultralytics\nn\tasks.py", line 1463, in torch_safe_load
    ckpt = torch_load(file, map_location="cpu")
  File "C:\Users\localadmin\Desktop\KENPIN_NEXT\backend\.venv\Lib\site-packages\ultralytics\utils\patches.py", line 178, in torch_load
    return torch.load(*args, **kwargs)
           ~~~~~~~~~~^^^^^^^^^^^^^^^^^
  File "C:\Users\localadmin\Desktop\KENPIN_NEXT\backend\.venv\Lib\site-packages\torch\serialization.py", line 1530, in load
    with _open_file_like(f, "rb") as opened_file:
         ~~~~~~~~~~~~~~~^^^^^^^^^
  File "C:\Users\localadmin\Desktop\KENPIN_NEXT\backend\.venv\Lib\site-packages\torch\serialization.py", line 795, in _open_file_like
    return _open_file(name_or_buffer, mode)
  File "C:\Users\localadmin\Desktop\KENPIN_NEXT\backend\.venv\Lib\site-packages\torch\serialization.py", line 776, in __init__
    super().__init__(open(name, mode))  # noqa: SIM115
                     ~~~~^^^^^^^^^^^^
FileNotFoundError: [Errno 2] No such file or directory: 'yolo.pt'
2026-04-09 23:47:38 | INFO     | main:24 - KENPIN backend shutting down
2026-04-09 23:47:43 | INFO     | main:22 - KENPIN backend starting up
2026-04-10 00:18:47 | INFO     | routers.train:100 - Training job 9a69f0fc-f282-451a-a7b5-c6eaf584be22 queued | model=yolo.pt epochs=100
2026-04-10 00:18:47 | INFO     | services.yolo_service:31 - CUDA not available — using CPU
2026-04-10 00:18:47 | INFO     | services.yolo_service:61 - Training started | model=yolo.pt epochs=100 imgsz=640 batch=16 device=cpu
2026-04-10 00:18:48 | ERROR    | routers.train:69 - Job 9a69f0fc-f282-451a-a7b5-c6eaf584be22 failed: [Errno 2] No such file or directory: 'yolo.pt'
Traceback (most recent call last):
  File "C:\Users\localadmin\Desktop\KENPIN_NEXT\backend\routers\train.py", line 52, in _run_training_task
    result = run_training(
        job_id=job_id,
    ...<10 lines>...
        name=req.name,
    )
  File "C:\Users\localadmin\Desktop\KENPIN_NEXT\backend\services\yolo_service.py", line 70, in run_training
    model = YOLO(model_name)
  File "C:\Users\localadmin\Desktop\KENPIN_NEXT\backend\.venv\Lib\site-packages\ultralytics\models\yolo\model.py", line 76, in __init__
    super().__init__(model=model, task=task, verbose=verbose)
    ~~~~~~~~~~~~~~~~^^^^^^^^^^^^^^^^^^^^^^^^^^^^^^^^^^^^^^^^^
  File "C:\Users\localadmin\Desktop\KENPIN_NEXT\backend\.venv\Lib\site-packages\ultralytics\engine\model.py", line 144, in __init__
    self._load(model, task=task)
    ~~~~~~~~~~^^^^^^^^^^^^^^^^^^
  File "C:\Users\localadmin\Desktop\KENPIN_NEXT\backend\.venv\Lib\site-packages\ultralytics\engine\model.py", line 283, in _load
    self.model, self.ckpt = load_checkpoint(weights)
                            ~~~~~~~~~~~~~~~^^^^^^^^^
  File "C:\Users\localadmin\Desktop\KENPIN_NEXT\backend\.venv\Lib\site-packages\ultralytics\nn\tasks.py", line 1515, in load_checkpoint
    ckpt, weight = torch_safe_load(weight)  # load ckpt
                   ~~~~~~~~~~~~~~~^^^^^^^^
  File "C:\Users\localadmin\Desktop\KENPIN_NEXT\backend\.venv\Lib\site-packages\ultralytics\nn\tasks.py", line 1463, in torch_safe_load
    ckpt = torch_load(file, map_location="cpu")
  File "C:\Users\localadmin\Desktop\KENPIN_NEXT\backend\.venv\Lib\site-packages\ultralytics\utils\patches.py", line 178, in torch_load
    return torch.load(*args, **kwargs)
           ~~~~~~~~~~^^^^^^^^^^^^^^^^^
  File "C:\Users\localadmin\Desktop\KENPIN_NEXT\backend\.venv\Lib\site-packages\torch\serialization.py", line 1530, in load
    with _open_file_like(f, "rb") as opened_file:
         ~~~~~~~~~~~~~~~^^^^^^^^^
  File "C:\Users\localadmin\Desktop\KENPIN_NEXT\backend\.venv\Lib\site-packages\torch\serialization.py", line 795, in _open_file_like
    return _open_file(name_or_buffer, mode)
  File "C:\Users\localadmin\Desktop\KENPIN_NEXT\backend\.venv\Lib\site-packages\torch\serialization.py", line 776, in __init__
    super().__init__(open(name, mode))  # noqa: SIM115
                     ~~~~^^^^^^^^^^^^
FileNotFoundError: [Errno 2] No such file or directory: 'yolo.pt'
2026-04-10 00:26:12 | INFO     | main:24 - KENPIN backend shutting down
2026-04-10 00:26:17 | INFO     | main:22 - KENPIN backend starting up
2026-04-10 00:26:40 | INFO     | main:24 - KENPIN backend shutting down
2026-04-10 00:26:45 | INFO     | main:22 - KENPIN backend starting up
2026-04-10 00:27:29 | INFO     | main:24 - KENPIN backend shutting down
2026-04-10 00:27:34 | INFO     | main:22 - KENPIN backend starting up
2026-04-10 00:28:03 | INFO     | main:22 - KENPIN backend starting up
2026-04-10 00:28:37 | INFO     | main:24 - KENPIN backend shutting down
2026-04-10 00:29:30 | INFO     | main:22 - KENPIN backend starting up
2026-04-10 02:35:35 | INFO     | main:22 - KENPIN backend starting up
2026-04-10 02:43:49 | INFO     | main:24 - KENPIN backend shutting down
2026-04-10 02:43:54 | INFO     | main:22 - KENPIN backend starting up
2026-04-10 02:44:37 | INFO     | main:24 - KENPIN backend shutting down
2026-04-10 02:44:42 | INFO     | main:22 - KENPIN backend starting up
2026-04-10 02:45:43 | INFO     | routers.train:106 - Model resolved: yolov8n -> yolov8n.pt
2026-04-10 02:45:43 | INFO     | routers.train:110 - Training job e8e9f59a-ffe6-4385-a7f6-0b05867ecf88 queued | model=yolov8n.pt epochs=100
2026-04-10 02:45:43 | INFO     | services.yolo_service:31 - CUDA not available — using CPU
2026-04-10 02:45:43 | INFO     | services.yolo_service:61 - Training started | model=yolov8n.pt epochs=100 imgsz=640 batch=16 device=cpu
2026-04-10 03:54:25 | INFO     | main:22 - KENPIN backend starting up
2026-04-10 03:56:41 | INFO     | routers.train:108 - Model resolved: yolov8n -> yolov8n.pt
2026-04-10 03:56:41 | INFO     | routers.train:119 - Training job 63784236-fd28-4143-a570-e2f032ac3d7b queued | model=yolov8n.pt epochs=100
2026-04-10 03:56:41 | WARNING  | services.yolo_service:66 - CUDA requested but not available — falling back to CPU
2026-04-10 03:56:41 | INFO     | services.yolo_service:77 - Training started | model=yolov8n.pt epochs=100 imgsz=640 batch=16 device=cpu
2026-04-10 04:19:33 | INFO     | main:22 - KENPIN backend starting up
2026-04-10 04:19:41 | INFO     | main:24 - KENPIN backend shutting down
2026-04-10 09:32:23 | INFO     | main:22 - KENPIN backend starting up
2026-04-10 09:37:00 | INFO     | main:24 - KENPIN backend shutting down
2026-04-10 09:38:08 | INFO     | main:22 - KENPIN backend starting up
2026-04-10 09:38:09 | INFO     | main:24 - KENPIN backend shutting down
2026-04-10 10:24:34 | INFO     | main:22 - KENPIN backend starting up
2026-04-10 10:24:41 | INFO     | main:24 - KENPIN backend shutting down
2026-04-10 10:25:04 | INFO     | main:22 - KENPIN backend starting up
2026-04-10 10:25:06 | INFO     | main:24 - KENPIN backend shutting down
2026-04-10 11:08:17 | INFO     | main:22 - KENPIN backend starting up
2026-04-10 11:47:27 | INFO     | main:22 - KENPIN backend starting up
2026-04-10 12:06:32 | INFO     | main:22 - KENPIN backend starting up
2026-04-10 12:07:17 | INFO     | main:22 - KENPIN backend starting up
2026-04-10 12:13:34 | INFO     | main:22 - KENPIN backend starting up
2026-04-10 12:20:39 | INFO     | routers.train:108 - Model resolved: yolov8n -> yolov8n.pt
2026-04-10 12:20:39 | INFO     | routers.train:119 - Training job 22f7b48c-3d65-4fe3-a0c6-9f8b6dddc8e7 queued | model=yolov8n.pt epochs=100
2026-04-10 12:20:40 | INFO     | services.yolo_service:77 - Training started | model=yolov8n.pt epochs=100 imgsz=640 batch=16 device=cuda
2026-04-10 12:24:23 | INFO     | services.yolo_service:115 - Training complete | best=runs\train\train\weights\best.pt
2026-04-10 12:24:23 | INFO     | routers.train:70 - Job 22f7b48c-3d65-4fe3-a0c6-9f8b6dddc8e7 completed successfully
2026-04-10 21:26:34 | INFO     | main:22 - KENPIN backend starting up
2026-04-10 21:32:22 | INFO     | routers.train:108 - Model resolved: yolov8n -> yolov8n.pt
2026-04-10 21:32:22 | INFO     | routers.train:119 - Training job 2f49e299-c10d-49d0-8af6-fa2a1b421f2b queued | model=yolov8n.pt epochs=100
2026-04-10 21:32:24 | INFO     | services.yolo_service:77 - Training started | model=yolov8n.pt epochs=100 imgsz=640 batch=16 device=cuda
2026-04-10 22:00:56 | INFO     | services.yolo_service:115 - Training complete | best=runs\train\train\weights\best.pt
2026-04-10 22:00:56 | INFO     | routers.train:70 - Job 2f49e299-c10d-49d0-8af6-fa2a1b421f2b completed successfully
2026-04-10 23:11:23 | INFO     | main:24 - KENPIN backend shutting down
2026-04-10 23:11:33 | INFO     | main:22 - KENPIN backend starting up
2026-04-10 23:12:14 | INFO     | main:24 - KENPIN backend shutting down
2026-04-10 23:12:19 | INFO     | main:22 - KENPIN backend starting up
2026-04-10 23:13:58 | INFO     | main:24 - KENPIN backend shutting down
2026-04-10 23:14:04 | INFO     | main:22 - KENPIN backend starting up
2026-04-10 23:14:05 | INFO     | main:24 - KENPIN backend shutting down
2026-04-10 23:14:10 | INFO     | main:22 - KENPIN backend starting up
2026-04-10 23:27:36 | INFO     | main:24 - KENPIN backend shutting down
2026-04-10 23:27:41 | INFO     | main:22 - KENPIN backend starting up
2026-04-10 23:31:41 | INFO     | main:24 - KENPIN backend shutting down
2026-04-10 23:31:47 | INFO     | main:22 - KENPIN backend starting up
2026-04-10 23:32:09 | INFO     | main:24 - KENPIN backend shutting down
2026-04-10 23:32:14 | INFO     | main:22 - KENPIN backend starting up
2026-04-10 23:37:20 | INFO     | main:24 - KENPIN backend shutting down
2026-04-10 23:37:26 | INFO     | main:22 - KENPIN backend starting up
2026-04-10 23:37:41 | INFO     | main:24 - KENPIN backend shutting down
2026-04-10 23:37:47 | INFO     | main:22 - KENPIN backend starting up
2026-04-10 23:38:06 | INFO     | main:24 - KENPIN backend shutting down
2026-04-10 23:38:12 | INFO     | main:22 - KENPIN backend starting up
2026-04-10 23:39:02 | INFO     | main:24 - KENPIN backend shutting down
2026-04-10 23:39:07 | INFO     | main:22 - KENPIN backend starting up
2026-04-10 23:57:37 | INFO     | main:24 - KENPIN backend shutting down
2026-04-10 23:57:47 | INFO     | main:22 - KENPIN backend starting up
2026-04-10 23:57:54 | INFO     | main:24 - KENPIN backend shutting down
2026-04-10 23:58:00 | INFO     | main:22 - KENPIN backend starting up
2026-04-11 00:00:42 | INFO     | main:24 - KENPIN backend shutting down
2026-04-11 00:00:47 | INFO     | main:22 - KENPIN backend starting up
2026-04-11 00:03:02 | INFO     | main:24 - KENPIN backend shutting down
2026-04-11 00:03:08 | INFO     | main:22 - KENPIN backend starting up
2026-04-11 00:05:02 | INFO     | main:22 - KENPIN backend starting up
2026-04-11 00:06:27 | INFO     | routers.train:108 - Model resolved: yolov8n -> yolov8n.pt
2026-04-11 00:06:27 | INFO     | routers.train:119 - Training job 89e4f8cf-ed87-4baa-b969-c3c89e41a670 queued | model=yolov8n.pt epochs=100
2026-04-11 00:06:28 | INFO     | services.yolo_service:77 - Training started | model=yolov8n.pt epochs=100 imgsz=640 batch=16 device=cuda
2026-04-11 01:52:56 | INFO     | main:22 - KENPIN backend starting up
2026-04-11 02:19:48 | INFO     | main:22 - KENPIN backend starting up
2026-04-11 02:21:24 | INFO     | routers.train:108 - Model resolved: yolov8n -> yolov8n.pt
2026-04-11 02:21:24 | INFO     | routers.train:119 - Training job c6333ee3-2273-4cf8-9b74-d6bf5b9691d5 queued | model=yolov8n.pt epochs=100
2026-04-11 02:21:25 | INFO     | services.yolo_service:77 - Training started | model=yolov8n.pt epochs=100 imgsz=640 batch=16 device=cuda
2026-04-11 02:55:52 | INFO     | main:22 - KENPIN backend starting up
2026-04-11 02:57:39 | INFO     | routers.train:108 - Model resolved: yolov8n -> yolov8n.pt
2026-04-11 02:57:39 | INFO     | routers.train:119 - Training job 43ea4b76-40d5-483a-b013-eaa95e6a7021 queued | model=yolov8n.pt epochs=100
2026-04-11 02:57:40 | INFO     | services.yolo_service:77 - Training started | model=yolov8n.pt epochs=100 imgsz=640 batch=16 device=cuda
2026-04-11 03:28:27 | INFO     | services.yolo_service:115 - Training complete | best=runs\train\train\weights\best.pt
2026-04-11 03:28:27 | INFO     | routers.train:70 - Job 43ea4b76-40d5-483a-b013-eaa95e6a7021 completed successfully
2026-04-11 04:26:16 | INFO     | main:24 - KENPIN backend shutting down
2026-04-11 04:26:25 | INFO     | main:22 - KENPIN backend starting up
2026-04-11 04:26:53 | INFO     | main:24 - KENPIN backend shutting down
2026-04-11 04:26:59 | INFO     | main:22 - KENPIN backend starting up
2026-04-11 04:27:17 | INFO     | main:24 - KENPIN backend shutting down
2026-04-11 04:27:22 | INFO     | main:22 - KENPIN backend starting up
2026-04-11 04:27:49 | INFO     | main:24 - KENPIN backend shutting down
2026-04-11 04:27:54 | INFO     | main:22 - KENPIN backend starting up
2026-04-11 04:28:12 | INFO     | main:24 - KENPIN backend shutting down
2026-04-11 04:28:18 | INFO     | main:22 - KENPIN backend starting up
2026-04-11 04:28:22 | INFO     | main:24 - KENPIN backend shutting down
2026-04-11 04:28:28 | INFO     | main:22 - KENPIN backend starting up
2026-04-11 04:29:13 | INFO     | main:24 - KENPIN backend shutting down
2026-04-11 04:29:20 | INFO     | main:22 - KENPIN backend starting up
2026-04-11 04:32:13 | INFO     | main:22 - KENPIN backend starting up
2026-04-11 04:32:58 | WARNING  | routers.jobs:404 - Job 43ea4b76-40d5-483a-b013-eaa95e6a7021 not found in store; serving results from latest 'train' run dir
2026-04-11 04:32:58 | WARNING  | routers.jobs:404 - Job 43ea4b76-40d5-483a-b013-eaa95e6a7021 not found in store; serving results from latest 'train' run dir
2026-04-11 04:33:07 | WARNING  | routers.jobs:404 - Job 43ea4b76-40d5-483a-b013-eaa95e6a7021 not found in store; serving results from latest 'train' run dir
2026-04-11 04:34:24 | INFO     | routers.train:108 - Model resolved: yolov8n -> yolov8n.pt
2026-04-11 04:34:24 | INFO     | routers.train:119 - Training job 895c24e9-d710-43ed-a4bd-26779929f6a5 queued | model=yolov8n.pt epochs=30
2026-04-11 04:34:25 | INFO     | services.yolo_service:79 - Training started | model=yolov8n.pt epochs=30 imgsz=640 batch=16 device=cuda
2026-04-11 04:40:15 | ERROR    | routers.train:72 - Job 895c24e9-d710-43ed-a4bd-26779929f6a5 failed: Caught FileNotFoundError in DataLoader worker process 3.
Original Traceback (most recent call last):
  File "C:\Users\localadmin\Desktop\KENPIN_NEXT\backend\.venv\Lib\site-packages\torch\utils\data\_utils\worker.py", line 351, in _worker_loop
    data = fetcher.fetch(index)  # type: ignore[possibly-undefined]
           ^^^^^^^^^^^^^^^^^^^^
  File "C:\Users\localadmin\Desktop\KENPIN_NEXT\backend\.venv\Lib\site-packages\torch\utils\data\_utils\fetch.py", line 52, in fetch
    data = [self.dataset[idx] for idx in possibly_batched_index]
           ^^^^^^^^^^^^^^^^^^^^^^^^^^^^^^^^^^^^^^^^^^^^^^^^^^^^^
  File "C:\Users\localadmin\Desktop\KENPIN_NEXT\backend\.venv\Lib\site-packages\torch\utils\data\_utils\fetch.py", line 52, in <listcomp>
    data = [self.dataset[idx] for idx in possibly_batched_index]
            ~~~~~~~~~~~~^^^^^
  File "C:\Users\localadmin\Desktop\KENPIN_NEXT\backend\.venv\Lib\site-packages\ultralytics\data\base.py", line 380, in __getitem__
    return self.transforms(self.get_image_and_label(index))
                           ^^^^^^^^^^^^^^^^^^^^^^^^^^^^^^^
  File "C:\Users\localadmin\Desktop\KENPIN_NEXT\backend\.venv\Lib\site-packages\ultralytics\data\base.py", line 393, in get_image_and_label
    label["img"], label["ori_shape"], label["resized_shape"] = self.load_image(index)
                                                               ^^^^^^^^^^^^^^^^^^^^^^
  File "C:\Users\localadmin\Desktop\KENPIN_NEXT\backend\.venv\Lib\site-packages\ultralytics\data\base.py", line 235, in load_image
    im = imread(f, flags=self.cv2_flag)  # BGR
         ^^^^^^^^^^^^^^^^^^^^^^^^^^^^^^
  File "C:\Users\localadmin\Desktop\KENPIN_NEXT\backend\.venv\Lib\site-packages\ultralytics\utils\patches.py", line 35, in imread
    file_bytes = np.fromfile(filename, np.uint8)
                 ^^^^^^^^^^^^^^^^^^^^^^^^^^^^^^^
FileNotFoundError: [Errno 2] No such file or directory: 'C:\\Users\\localadmin\\Desktop\\KENPIN_NEXT\\tmp\\workspaces\\cmnt5e16y0016h8vr9roq5os8\\dataset\\images\\train\\68b250.jpg'
Traceback (most recent call last):
  File "C:\Users\localadmin\Desktop\KENPIN_NEXT\backend\routers\train.py", line 54, in _run_training_task
    result = run_training(
             ^^^^^^^^^^^^^
  File "C:\Users\localadmin\Desktop\KENPIN_NEXT\backend\services\yolo_service.py", line 100, in run_training
    model.train(
  File "C:\Users\localadmin\Desktop\KENPIN_NEXT\backend\.venv\Lib\site-packages\ultralytics\engine\model.py", line 787, in train
    self.trainer.train()
  File "C:\Users\localadmin\Desktop\KENPIN_NEXT\backend\.venv\Lib\site-packages\ultralytics\engine\trainer.py", line 246, in train
    self._do_train()
  File "C:\Users\localadmin\Desktop\KENPIN_NEXT\backend\.venv\Lib\site-packages\ultralytics\engine\trainer.py", line 409, in _do_train
    for i, batch in pbar:
  File "C:\Users\localadmin\Desktop\KENPIN_NEXT\backend\.venv\Lib\site-packages\ultralytics\utils\tqdm.py", line 350, in __iter__
    for item in self.iterable:
  File "C:\Users\localadmin\Desktop\KENPIN_NEXT\backend\.venv\Lib\site-packages\ultralytics\data\build.py", line 76, in __iter__
    yield next(self.iterator)
          ^^^^^^^^^^^^^^^^^^^
  File "C:\Users\localadmin\Desktop\KENPIN_NEXT\backend\.venv\Lib\site-packages\torch\utils\data\dataloader.py", line 701, in __next__
    data = self._next_data()
           ^^^^^^^^^^^^^^^^^
  File "C:\Users\localadmin\Desktop\KENPIN_NEXT\backend\.venv\Lib\site-packages\torch\utils\data\dataloader.py", line 1465, in _next_data
    return self._process_data(data)
           ^^^^^^^^^^^^^^^^^^^^^^^^
  File "C:\Users\localadmin\Desktop\KENPIN_NEXT\backend\.venv\Lib\site-packages\torch\utils\data\dataloader.py", line 1491, in _process_data
    data.reraise()
  File "C:\Users\localadmin\Desktop\KENPIN_NEXT\backend\.venv\Lib\site-packages\torch\_utils.py", line 715, in reraise
    raise exception
FileNotFoundError: Caught FileNotFoundError in DataLoader worker process 3.
Original Traceback (most recent call last):
  File "C:\Users\localadmin\Desktop\KENPIN_NEXT\backend\.venv\Lib\site-packages\torch\utils\data\_utils\worker.py", line 351, in _worker_loop
    data = fetcher.fetch(index)  # type: ignore[possibly-undefined]
           ^^^^^^^^^^^^^^^^^^^^
  File "C:\Users\localadmin\Desktop\KENPIN_NEXT\backend\.venv\Lib\site-packages\torch\utils\data\_utils\fetch.py", line 52, in fetch
    data = [self.dataset[idx] for idx in possibly_batched_index]
           ^^^^^^^^^^^^^^^^^^^^^^^^^^^^^^^^^^^^^^^^^^^^^^^^^^^^^
  File "C:\Users\localadmin\Desktop\KENPIN_NEXT\backend\.venv\Lib\site-packages\torch\utils\data\_utils\fetch.py", line 52, in <listcomp>
    data = [self.dataset[idx] for idx in possibly_batched_index]
            ~~~~~~~~~~~~^^^^^
  File "C:\Users\localadmin\Desktop\KENPIN_NEXT\backend\.venv\Lib\site-packages\ultralytics\data\base.py", line 380, in __getitem__
    return self.transforms(self.get_image_and_label(index))
                           ^^^^^^^^^^^^^^^^^^^^^^^^^^^^^^^
  File "C:\Users\localadmin\Desktop\KENPIN_NEXT\backend\.venv\Lib\site-packages\ultralytics\data\base.py", line 393, in get_image_and_label
    label["img"], label["ori_shape"], label["resized_shape"] = self.load_image(index)
                                                               ^^^^^^^^^^^^^^^^^^^^^^
  File "C:\Users\localadmin\Desktop\KENPIN_NEXT\backend\.venv\Lib\site-packages\ultralytics\data\base.py", line 235, in load_image
    im = imread(f, flags=self.cv2_flag)  # BGR
         ^^^^^^^^^^^^^^^^^^^^^^^^^^^^^^
  File "C:\Users\localadmin\Desktop\KENPIN_NEXT\backend\.venv\Lib\site-packages\ultralytics\utils\patches.py", line 35, in imread
    file_bytes = np.fromfile(filename, np.uint8)
                 ^^^^^^^^^^^^^^^^^^^^^^^^^^^^^^^
FileNotFoundError: [Errno 2] No such file or directory: 'C:\\Users\\localadmin\\Desktop\\KENPIN_NEXT\\tmp\\workspaces\\cmnt5e16y0016h8vr9roq5os8\\dataset\\images\\train\\68b250.jpg'

2026-04-11 04:41:31 | INFO     | routers.train:108 - Model resolved: yolov8n -> yolov8n.pt
2026-04-11 04:41:31 | INFO     | routers.train:119 - Training job 84a9b586-0e77-4c02-a34e-22b54c522124 queued | model=yolov8n.pt epochs=100
2026-04-11 04:41:31 | INFO     | services.yolo_service:79 - Training started | model=yolov8n.pt epochs=100 imgsz=640 batch=16 device=cuda
2026-04-11 04:44:46 | ERROR    | routers.train:72 - Job 84a9b586-0e77-4c02-a34e-22b54c522124 failed: Caught FileNotFoundError in DataLoader worker process 4.
Original Traceback (most recent call last):
  File "C:\Users\localadmin\Desktop\KENPIN_NEXT\backend\.venv\Lib\site-packages\torch\utils\data\_utils\worker.py", line 351, in _worker_loop
    data = fetcher.fetch(index)  # type: ignore[possibly-undefined]
           ^^^^^^^^^^^^^^^^^^^^
  File "C:\Users\localadmin\Desktop\KENPIN_NEXT\backend\.venv\Lib\site-packages\torch\utils\data\_utils\fetch.py", line 52, in fetch
    data = [self.dataset[idx] for idx in possibly_batched_index]
           ^^^^^^^^^^^^^^^^^^^^^^^^^^^^^^^^^^^^^^^^^^^^^^^^^^^^^
  File "C:\Users\localadmin\Desktop\KENPIN_NEXT\backend\.venv\Lib\site-packages\torch\utils\data\_utils\fetch.py", line 52, in <listcomp>
    data = [self.dataset[idx] for idx in possibly_batched_index]
            ~~~~~~~~~~~~^^^^^
  File "C:\Users\localadmin\Desktop\KENPIN_NEXT\backend\.venv\Lib\site-packages\ultralytics\data\base.py", line 380, in __getitem__
    return self.transforms(self.get_image_and_label(index))
                           ^^^^^^^^^^^^^^^^^^^^^^^^^^^^^^^
  File "C:\Users\localadmin\Desktop\KENPIN_NEXT\backend\.venv\Lib\site-packages\ultralytics\data\base.py", line 393, in get_image_and_label
    label["img"], label["ori_shape"], label["resized_shape"] = self.load_image(index)
                                                               ^^^^^^^^^^^^^^^^^^^^^^
  File "C:\Users\localadmin\Desktop\KENPIN_NEXT\backend\.venv\Lib\site-packages\ultralytics\data\base.py", line 235, in load_image
    im = imread(f, flags=self.cv2_flag)  # BGR
         ^^^^^^^^^^^^^^^^^^^^^^^^^^^^^^
  File "C:\Users\localadmin\Desktop\KENPIN_NEXT\backend\.venv\Lib\site-packages\ultralytics\utils\patches.py", line 35, in imread
    file_bytes = np.fromfile(filename, np.uint8)
                 ^^^^^^^^^^^^^^^^^^^^^^^^^^^^^^^
FileNotFoundError: [Errno 2] No such file or directory: 'C:\\Users\\localadmin\\Desktop\\KENPIN_NEXT\\tmp\\workspaces\\cmnt5e16y0016h8vr9roq5os8\\dataset\\images\\train\\68btuika09088.jpg'
Traceback (most recent call last):
  File "C:\Users\localadmin\Desktop\KENPIN_NEXT\backend\routers\train.py", line 54, in _run_training_task
    result = run_training(
             ^^^^^^^^^^^^^
  File "C:\Users\localadmin\Desktop\KENPIN_NEXT\backend\services\yolo_service.py", line 100, in run_training
    model.train(
  File "C:\Users\localadmin\Desktop\KENPIN_NEXT\backend\.venv\Lib\site-packages\ultralytics\engine\model.py", line 787, in train
    self.trainer.train()
  File "C:\Users\localadmin\Desktop\KENPIN_NEXT\backend\.venv\Lib\site-packages\ultralytics\engine\trainer.py", line 246, in train
    self._do_train()
  File "C:\Users\localadmin\Desktop\KENPIN_NEXT\backend\.venv\Lib\site-packages\ultralytics\engine\trainer.py", line 409, in _do_train
    for i, batch in pbar:
  File "C:\Users\localadmin\Desktop\KENPIN_NEXT\backend\.venv\Lib\site-packages\ultralytics\utils\tqdm.py", line 350, in __iter__
    for item in self.iterable:
  File "C:\Users\localadmin\Desktop\KENPIN_NEXT\backend\.venv\Lib\site-packages\ultralytics\data\build.py", line 76, in __iter__
    yield next(self.iterator)
          ^^^^^^^^^^^^^^^^^^^
  File "C:\Users\localadmin\Desktop\KENPIN_NEXT\backend\.venv\Lib\site-packages\torch\utils\data\dataloader.py", line 701, in __next__
    data = self._next_data()
           ^^^^^^^^^^^^^^^^^
  File "C:\Users\localadmin\Desktop\KENPIN_NEXT\backend\.venv\Lib\site-packages\torch\utils\data\dataloader.py", line 1465, in _next_data
    return self._process_data(data)
           ^^^^^^^^^^^^^^^^^^^^^^^^
  File "C:\Users\localadmin\Desktop\KENPIN_NEXT\backend\.venv\Lib\site-packages\torch\utils\data\dataloader.py", line 1491, in _process_data
    data.reraise()
  File "C:\Users\localadmin\Desktop\KENPIN_NEXT\backend\.venv\Lib\site-packages\torch\_utils.py", line 715, in reraise
    raise exception
FileNotFoundError: Caught FileNotFoundError in DataLoader worker process 4.
Original Traceback (most recent call last):
  File "C:\Users\localadmin\Desktop\KENPIN_NEXT\backend\.venv\Lib\site-packages\torch\utils\data\_utils\worker.py", line 351, in _worker_loop
    data = fetcher.fetch(index)  # type: ignore[possibly-undefined]
           ^^^^^^^^^^^^^^^^^^^^
  File "C:\Users\localadmin\Desktop\KENPIN_NEXT\backend\.venv\Lib\site-packages\torch\utils\data\_utils\fetch.py", line 52, in fetch
    data = [self.dataset[idx] for idx in possibly_batched_index]
           ^^^^^^^^^^^^^^^^^^^^^^^^^^^^^^^^^^^^^^^^^^^^^^^^^^^^^
  File "C:\Users\localadmin\Desktop\KENPIN_NEXT\backend\.venv\Lib\site-packages\torch\utils\data\_utils\fetch.py", line 52, in <listcomp>
    data = [self.dataset[idx] for idx in possibly_batched_index]
            ~~~~~~~~~~~~^^^^^
  File "C:\Users\localadmin\Desktop\KENPIN_NEXT\backend\.venv\Lib\site-packages\ultralytics\data\base.py", line 380, in __getitem__
    return self.transforms(self.get_image_and_label(index))
                           ^^^^^^^^^^^^^^^^^^^^^^^^^^^^^^^
  File "C:\Users\localadmin\Desktop\KENPIN_NEXT\backend\.venv\Lib\site-packages\ultralytics\data\base.py", line 393, in get_image_and_label
    label["img"], label["ori_shape"], label["resized_shape"] = self.load_image(index)
                                                               ^^^^^^^^^^^^^^^^^^^^^^
  File "C:\Users\localadmin\Desktop\KENPIN_NEXT\backend\.venv\Lib\site-packages\ultralytics\data\base.py", line 235, in load_image
    im = imread(f, flags=self.cv2_flag)  # BGR
         ^^^^^^^^^^^^^^^^^^^^^^^^^^^^^^
  File "C:\Users\localadmin\Desktop\KENPIN_NEXT\backend\.venv\Lib\site-packages\ultralytics\utils\patches.py", line 35, in imread
    file_bytes = np.fromfile(filename, np.uint8)
                 ^^^^^^^^^^^^^^^^^^^^^^^^^^^^^^^
FileNotFoundError: [Errno 2] No such file or directory: 'C:\\Users\\localadmin\\Desktop\\KENPIN_NEXT\\tmp\\workspaces\\cmnt5e16y0016h8vr9roq5os8\\dataset\\images\\train\\68btuika09088.jpg'

2026-04-11 04:45:04 | INFO     | routers.train:108 - Model resolved: yolov8n -> yolov8n.pt
2026-04-11 04:45:04 | INFO     | routers.train:119 - Training job b6b49962-841b-4c15-b674-b9f6e32fef58 queued | model=yolov8n.pt epochs=100
2026-04-11 04:45:04 | INFO     | services.yolo_service:79 - Training started | model=yolov8n.pt epochs=100 imgsz=640 batch=16 device=cuda
